Build started 2011.09.15 15:31:02.
     1>Project "C:\Users\Tautvydas\Desktop\C++ darbai\Pratybos\darbas klaseje 3\darbas klaseje 3\darbas klaseje 3.vcxproj" on node 2 (build target(s)).
     1>InitializeBuildStatus:
         Touching "Debug\darbas klaseje 3.unsuccessfulbuild".
       ClCompile:
         c:\Program Files (x86)\Microsoft Visual Studio 10.0\VC\bin\CL.exe /c /ZI /nologo /W3 /WX- /Od /Oy- /D WIN32 /D _DEBUG /D _CONSOLE /D _UNICODE /D UNICODE /Gm /EHsc /RTC1 /MDd /GS /fp:precise /Zc:wchar_t /Zc:forScope /Fo"Debug\\" /Fd"Debug\vc100.pdb" /Gd /TP /analyze- /errorReport:prompt "darbas klaseje 3.cpp"
         darbas klaseje 3.cpp
       ManifestResourceCompile:
         All outputs are up-to-date.
       Link:
         c:\Program Files (x86)\Microsoft Visual Studio 10.0\VC\bin\link.exe /ERRORREPORT:PROMPT /OUT:"C:\Users\Tautvydas\Desktop\C++ darbai\Pratybos\darbas klaseje 3\Debug\darbas klaseje 3.exe" /INCREMENTAL /NOLOGO kernel32.lib user32.lib gdi32.lib winspool.lib comdlg32.lib advapi32.lib shell32.lib ole32.lib oleaut32.lib uuid.lib odbc32.lib odbccp32.lib /MANIFEST /ManifestFile:"Debug\darbas klaseje 3.exe.intermediate.manifest" /MANIFESTUAC:"level='asInvoker' uiAccess='false'" /DEBUG /PDB:"C:\Users\Tautvydas\Desktop\C++ darbai\Pratybos\darbas klaseje 3\Debug\darbas klaseje 3.pdb" /SUBSYSTEM:CONSOLE /TLBID:1 /DYNAMICBASE /NXCOMPAT /IMPLIB:"C:\Users\Tautvydas\Desktop\C++ darbai\Pratybos\darbas klaseje 3\Debug\darbas klaseje 3.lib" /MACHINE:X86 "Debug\darbas klaseje 3.exe.embed.manifest.res"
         "Debug\darbas klaseje 3.obj"
       Manifest:
         c:\Program Files (x86)\Microsoft SDKs\Windows\v7.0A\bin\mt.exe /nologo /verbose /out:"Debug\darbas klaseje 3.exe.embed.manifest" /manifest "Debug\darbas klaseje 3.exe.intermediate.manifest"
         All outputs are up-to-date.
       LinkEmbedManifest:
         All outputs are up-to-date.
         darbas klaseje 3.vcxproj -> C:\Users\Tautvydas\Desktop\C++ darbai\Pratybos\darbas klaseje 3\Debug\darbas klaseje 3.exe
       FinalizeBuildStatus:
         Deleting file "Debug\darbas klaseje 3.unsuccessfulbuild".
         Touching "Debug\darbas klaseje 3.lastbuildstate".
     1>Done Building Project "C:\Users\Tautvydas\Desktop\C++ darbai\Pratybos\darbas klaseje 3\darbas klaseje 3\darbas klaseje 3.vcxproj" (build target(s)).

Build succeeded.

Time Elapsed 00:00:03.37
