Build started 2011.09.09 13:44:26.
     1>Project "C:\Users\Tautvydas\Desktop\C++ darbai\Pratybos\112_Bandymas\112_Bandymas\112_Bandymas.vcxproj" on node 2 (build target(s)).
     1>InitializeBuildStatus:
         Touching "Debug\112_Bandymas.unsuccessfulbuild".
       ClCompile:
         c:\Program Files (x86)\Microsoft Visual Studio 10.0\VC\bin\CL.exe /c /ZI /nologo /W3 /WX- /Od /Oy- /D WIN32 /D _DEBUG /D _CONSOLE /D _UNICODE /D UNICODE /Gm /EHsc /RTC1 /MDd /GS /fp:precise /Zc:wchar_t /Zc:forScope /Fo"Debug\\" /Fd"Debug\vc100.pdb" /Gd /TP /analyze- /errorReport:prompt 112_Bandymas.cpp
         112_Bandymas.cpp
       ManifestResourceCompile:
         c:\Program Files (x86)\Microsoft SDKs\Windows\v7.0A\bin\rc.exe /nologo /fo"Debug\112_Bandymas.exe.embed.manifest.res" Debug\112_Bandymas_manifest.rc 
       Link:
         c:\Program Files (x86)\Microsoft Visual Studio 10.0\VC\bin\link.exe /ERRORREPORT:PROMPT /OUT:"C:\Users\Tautvydas\Desktop\C++ darbai\Pratybos\112_Bandymas\Debug\112_Bandymas.exe" /INCREMENTAL /NOLOGO kernel32.lib user32.lib gdi32.lib winspool.lib comdlg32.lib advapi32.lib shell32.lib ole32.lib oleaut32.lib uuid.lib odbc32.lib odbccp32.lib /MANIFEST /ManifestFile:"Debug\112_Bandymas.exe.intermediate.manifest" /MANIFESTUAC:"level='asInvoker' uiAccess='false'" /DEBUG /PDB:"C:\Users\Tautvydas\Desktop\C++ darbai\Pratybos\112_Bandymas\Debug\112_Bandymas.pdb" /SUBSYSTEM:CONSOLE /TLBID:1 /DYNAMICBASE /NXCOMPAT /IMPLIB:"C:\Users\Tautvydas\Desktop\C++ darbai\Pratybos\112_Bandymas\Debug\112_Bandymas.lib" /MACHINE:X86 Debug\112_Bandymas.exe.embed.manifest.res
         Debug\112_Bandymas.obj
       Manifest:
         c:\Program Files (x86)\Microsoft SDKs\Windows\v7.0A\bin\mt.exe /nologo /verbose /out:"Debug\112_Bandymas.exe.embed.manifest" /manifest Debug\112_Bandymas.exe.intermediate.manifest
         c:\Program Files (x86)\Microsoft SDKs\Windows\v7.0A\bin\rc.exe /nologo /fo"Debug\112_Bandymas.exe.embed.manifest.res" Debug\112_Bandymas_manifest.rc 
       LinkEmbedManifest:
         c:\Program Files (x86)\Microsoft Visual Studio 10.0\VC\bin\link.exe /ERRORREPORT:PROMPT /OUT:"C:\Users\Tautvydas\Desktop\C++ darbai\Pratybos\112_Bandymas\Debug\112_Bandymas.exe" /INCREMENTAL /NOLOGO kernel32.lib user32.lib gdi32.lib winspool.lib comdlg32.lib advapi32.lib shell32.lib ole32.lib oleaut32.lib uuid.lib odbc32.lib odbccp32.lib /MANIFEST /ManifestFile:"Debug\112_Bandymas.exe.intermediate.manifest" /MANIFESTUAC:"level='asInvoker' uiAccess='false'" /DEBUG /PDB:"C:\Users\Tautvydas\Desktop\C++ darbai\Pratybos\112_Bandymas\Debug\112_Bandymas.pdb" /SUBSYSTEM:CONSOLE /TLBID:1 /DYNAMICBASE /NXCOMPAT /IMPLIB:"C:\Users\Tautvydas\Desktop\C++ darbai\Pratybos\112_Bandymas\Debug\112_Bandymas.lib" /MACHINE:X86 Debug\112_Bandymas.exe.embed.manifest.res
         Debug\112_Bandymas.obj
         112_Bandymas.vcxproj -> C:\Users\Tautvydas\Desktop\C++ darbai\Pratybos\112_Bandymas\Debug\112_Bandymas.exe
       FinalizeBuildStatus:
         Deleting file "Debug\112_Bandymas.unsuccessfulbuild".
         Touching "Debug\112_Bandymas.lastbuildstate".
     1>Done Building Project "C:\Users\Tautvydas\Desktop\C++ darbai\Pratybos\112_Bandymas\112_Bandymas\112_Bandymas.vcxproj" (build target(s)).

Build succeeded.

Time Elapsed 00:00:04.45
