Build started 2011.09.15 14:00:37.
     1>Project "C:\Users\Tautvydas\Desktop\C++ darbai\Pratybos\darbas klaseje 4\darbas klaseje 4\darbas klaseje 4.vcxproj" on node 2 (build target(s)).
     1>InitializeBuildStatus:
         Touching "Debug\darbas klaseje 4.unsuccessfulbuild".
       ClCompile:
         c:\Program Files (x86)\Microsoft Visual Studio 10.0\VC\bin\CL.exe /c /ZI /nologo /W3 /WX- /Od /Oy- /D WIN32 /D _DEBUG /D _CONSOLE /D _UNICODE /D UNICODE /Gm /EHsc /RTC1 /MDd /GS /fp:precise /Zc:wchar_t /Zc:forScope /Fo"Debug\\" /Fd"Debug\vc100.pdb" /Gd /TP /analyze- /errorReport:prompt "darbas klaseje 4.cpp"
         darbas klaseje 4.cpp
       ManifestResourceCompile:
         c:\Program Files (x86)\Microsoft SDKs\Windows\v7.0A\bin\rc.exe /nologo /fo"Debug\darbas klaseje 4.exe.embed.manifest.res" "Debug\darbas klaseje 4_manifest.rc" 
       Link:
         c:\Program Files (x86)\Microsoft Visual Studio 10.0\VC\bin\link.exe /ERRORREPORT:PROMPT /OUT:"C:\Users\Tautvydas\Desktop\C++ darbai\Pratybos\darbas klaseje 4\Debug\darbas klaseje 4.exe" /INCREMENTAL /NOLOGO kernel32.lib user32.lib gdi32.lib winspool.lib comdlg32.lib advapi32.lib shell32.lib ole32.lib oleaut32.lib uuid.lib odbc32.lib odbccp32.lib /MANIFEST /ManifestFile:"Debug\darbas klaseje 4.exe.intermediate.manifest" /MANIFESTUAC:"level='asInvoker' uiAccess='false'" /DEBUG /PDB:"C:\Users\Tautvydas\Desktop\C++ darbai\Pratybos\darbas klaseje 4\Debug\darbas klaseje 4.pdb" /SUBSYSTEM:CONSOLE /TLBID:1 /DYNAMICBASE /NXCOMPAT /IMPLIB:"C:\Users\Tautvydas\Desktop\C++ darbai\Pratybos\darbas klaseje 4\Debug\darbas klaseje 4.lib" /MACHINE:X86 "Debug\darbas klaseje 4.exe.embed.manifest.res"
         "Debug\darbas klaseje 4.obj"
       Manifest:
         c:\Program Files (x86)\Microsoft SDKs\Windows\v7.0A\bin\mt.exe /nologo /verbose /out:"Debug\darbas klaseje 4.exe.embed.manifest" /manifest "Debug\darbas klaseje 4.exe.intermediate.manifest"
         c:\Program Files (x86)\Microsoft SDKs\Windows\v7.0A\bin\rc.exe /nologo /fo"Debug\darbas klaseje 4.exe.embed.manifest.res" "Debug\darbas klaseje 4_manifest.rc" 
       LinkEmbedManifest:
         c:\Program Files (x86)\Microsoft Visual Studio 10.0\VC\bin\link.exe /ERRORREPORT:PROMPT /OUT:"C:\Users\Tautvydas\Desktop\C++ darbai\Pratybos\darbas klaseje 4\Debug\darbas klaseje 4.exe" /INCREMENTAL /NOLOGO kernel32.lib user32.lib gdi32.lib winspool.lib comdlg32.lib advapi32.lib shell32.lib ole32.lib oleaut32.lib uuid.lib odbc32.lib odbccp32.lib /MANIFEST /ManifestFile:"Debug\darbas klaseje 4.exe.intermediate.manifest" /MANIFESTUAC:"level='asInvoker' uiAccess='false'" /DEBUG /PDB:"C:\Users\Tautvydas\Desktop\C++ darbai\Pratybos\darbas klaseje 4\Debug\darbas klaseje 4.pdb" /SUBSYSTEM:CONSOLE /TLBID:1 /DYNAMICBASE /NXCOMPAT /IMPLIB:"C:\Users\Tautvydas\Desktop\C++ darbai\Pratybos\darbas klaseje 4\Debug\darbas klaseje 4.lib" /MACHINE:X86 "Debug\darbas klaseje 4.exe.embed.manifest.res"
         "Debug\darbas klaseje 4.obj"
         darbas klaseje 4.vcxproj -> C:\Users\Tautvydas\Desktop\C++ darbai\Pratybos\darbas klaseje 4\Debug\darbas klaseje 4.exe
       FinalizeBuildStatus:
         Deleting file "Debug\darbas klaseje 4.unsuccessfulbuild".
         Touching "Debug\darbas klaseje 4.lastbuildstate".
     1>Done Building Project "C:\Users\Tautvydas\Desktop\C++ darbai\Pratybos\darbas klaseje 4\darbas klaseje 4\darbas klaseje 4.vcxproj" (build target(s)).

Build succeeded.

Time Elapsed 00:00:02.09
