Build started 2011.09.22 13:31:00.
     1>Project "C:\Users\Tautvydas\Desktop\C++ darbai\Pratybos\klases darbas 6\klases darbas 6\klases darbas 6.vcxproj" on node 2 (build target(s)).
     1>PrepareForBuild:
         Creating directory "C:\Users\Tautvydas\Desktop\C++ darbai\Pratybos\klases darbas 6\Debug\".
       InitializeBuildStatus:
         Creating "Debug\klases darbas 6.unsuccessfulbuild" because "AlwaysCreate" was specified.
       ClCompile:
         c:\Program Files (x86)\Microsoft Visual Studio 10.0\VC\bin\CL.exe /c /ZI /nologo /W3 /WX- /Od /Oy- /D WIN32 /D _DEBUG /D _CONSOLE /D _UNICODE /D UNICODE /Gm /EHsc /RTC1 /MDd /GS /fp:precise /Zc:wchar_t /Zc:forScope /Fo"Debug\\" /Fd"Debug\vc100.pdb" /Gd /TP /analyze- /errorReport:prompt "klases darbas 6.cpp"
         klases darbas 6.cpp
       ManifestResourceCompile:
         c:\Program Files (x86)\Microsoft SDKs\Windows\v7.0A\bin\rc.exe /nologo /fo"Debug\klases darbas 6.exe.embed.manifest.res" "Debug\klases darbas 6_manifest.rc" 
       Link:
         c:\Program Files (x86)\Microsoft Visual Studio 10.0\VC\bin\link.exe /ERRORREPORT:PROMPT /OUT:"C:\Users\Tautvydas\Desktop\C++ darbai\Pratybos\klases darbas 6\Debug\klases darbas 6.exe" /INCREMENTAL /NOLOGO kernel32.lib user32.lib gdi32.lib winspool.lib comdlg32.lib advapi32.lib shell32.lib ole32.lib oleaut32.lib uuid.lib odbc32.lib odbccp32.lib /MANIFEST /ManifestFile:"Debug\klases darbas 6.exe.intermediate.manifest" /MANIFESTUAC:"level='asInvoker' uiAccess='false'" /DEBUG /PDB:"C:\Users\Tautvydas\Desktop\C++ darbai\Pratybos\klases darbas 6\Debug\klases darbas 6.pdb" /SUBSYSTEM:CONSOLE /TLBID:1 /DYNAMICBASE /NXCOMPAT /IMPLIB:"C:\Users\Tautvydas\Desktop\C++ darbai\Pratybos\klases darbas 6\Debug\klases darbas 6.lib" /MACHINE:X86 "Debug\klases darbas 6.exe.embed.manifest.res"
         "Debug\klases darbas 6.obj"
       Manifest:
         c:\Program Files (x86)\Microsoft SDKs\Windows\v7.0A\bin\mt.exe /nologo /verbose /out:"Debug\klases darbas 6.exe.embed.manifest" /manifest "Debug\klases darbas 6.exe.intermediate.manifest"
         c:\Program Files (x86)\Microsoft SDKs\Windows\v7.0A\bin\rc.exe /nologo /fo"Debug\klases darbas 6.exe.embed.manifest.res" "Debug\klases darbas 6_manifest.rc" 
       LinkEmbedManifest:
         c:\Program Files (x86)\Microsoft Visual Studio 10.0\VC\bin\link.exe /ERRORREPORT:PROMPT /OUT:"C:\Users\Tautvydas\Desktop\C++ darbai\Pratybos\klases darbas 6\Debug\klases darbas 6.exe" /INCREMENTAL /NOLOGO kernel32.lib user32.lib gdi32.lib winspool.lib comdlg32.lib advapi32.lib shell32.lib ole32.lib oleaut32.lib uuid.lib odbc32.lib odbccp32.lib /MANIFEST /ManifestFile:"Debug\klases darbas 6.exe.intermediate.manifest" /MANIFESTUAC:"level='asInvoker' uiAccess='false'" /DEBUG /PDB:"C:\Users\Tautvydas\Desktop\C++ darbai\Pratybos\klases darbas 6\Debug\klases darbas 6.pdb" /SUBSYSTEM:CONSOLE /TLBID:1 /DYNAMICBASE /NXCOMPAT /IMPLIB:"C:\Users\Tautvydas\Desktop\C++ darbai\Pratybos\klases darbas 6\Debug\klases darbas 6.lib" /MACHINE:X86 "Debug\klases darbas 6.exe.embed.manifest.res"
         "Debug\klases darbas 6.obj"
         klases darbas 6.vcxproj -> C:\Users\Tautvydas\Desktop\C++ darbai\Pratybos\klases darbas 6\Debug\klases darbas 6.exe
       FinalizeBuildStatus:
         Deleting file "Debug\klases darbas 6.unsuccessfulbuild".
         Touching "Debug\klases darbas 6.lastbuildstate".
     1>Done Building Project "C:\Users\Tautvydas\Desktop\C++ darbai\Pratybos\klases darbas 6\klases darbas 6\klases darbas 6.vcxproj" (build target(s)).

Build succeeded.

Time Elapsed 00:00:06.65
